<?xml version="1.0" encoding="UTF-8"?>
<!-- Generated by org.testng.reporters.JUnitXMLReporter -->
<testsuite ignored="0" hostname="Apples-MacBook-Pro.local" failures="1" tests="8" name="Test" time="24.073" errors="0" timestamp="2024-05-14T09:32:31 IST">
  <testcase classname="PageObjectsModel.DemoWebShop.AppTestNG" name="@AfterTest takeSnapshoot" time="0.001">
    <failure type="java.lang.NullPointerException" message="Cannot invoke &amp;quot;org.openqa.selenium.WebDriver.getTitle()&amp;quot; because &amp;quot;this.driver&amp;quot; is null">
      <![CDATA[java.lang.NullPointerException: Cannot invoke "org.openqa.selenium.WebDriver.getTitle()" because "this.driver" is null
at PageObjectsModel.PageObjects.UIHelper.getPageTitle(UIHelper.java:102)
at PageObjectsModel.DemoWebShop.AppTestNG.takeSnapshoot(AppTestNG.java:66)
... Removed 24 stack frames]]>
    </failure>
  </testcase> <!-- @AfterTest takeSnapshoot -->
  <testcase classname="PageObjectsModel.DemoWebShop.AmzTestNGApple" name="launchSite" time="1.877"/>
  <testcase classname="demoPackage.AmzTestNGSamsung" name="launchSite" time="1.97"/>
  <testcase classname="PageObjectsModel.DemoWebShop.AppTestNG" name="launchBrowser" time="3.221"/>
  <testcase classname="PageObjectsModel.DemoWebShop.AppTestNG" name="launchDB" time="0.463"/>
  <testcase classname="demoPackage.AmzTestNGSamsung" name="searchAndAddSamsungGalaxy" time="1.784"/>
  <testcase classname="PageObjectsModel.DemoWebShop.AmzTestNGApple" name="searchAndAddiPad" time="2.234"/>
  <testcase classname="PageObjectsModel.DemoWebShop.AmzTestNGApple" name="searchAndAddiPhone" time="3.536"/>
  <testcase classname="PageObjectsModel.DemoWebShop.AppTestNG" name="userRegistration" time="12.982">
    <failure type="org.openqa.selenium.NoSuchElementException" message="Unable to locate element: div.header-links-wrapper a.account
For documentation on this error, please visit: https://selenium.dev/exceptions/#no_such_element
Build info: version: &amp;apos;4.9.1&amp;apos;, revision: &amp;apos;eb2032df7f&amp;apos;
System info: os.name: &amp;apos;Mac OS X&amp;apos;, os.arch: &amp;apos;aarch64&amp;apos;, os.version: &amp;apos;14.4.1&amp;apos;, java.version: &amp;apos;17.0.8.1&amp;apos;
Driver info: org.openqa.selenium.firefox.FirefoxDriver
Command: [78deec5f-8178-4098-b34e-da6e807494c4, findElement {using=css selector, value=div.header-links-wrapper a.account}]
Capabilities {acceptInsecureCerts: true, browserName: firefox, browserVersion: 125.0.1, moz:accessibilityChecks: false, moz:buildID: 20240416043247, moz:debuggerAddress: 127.0.0.1:29075, moz:geckodriverVersion: 0.34.0, moz:headless: false, moz:platformVersion: 23.4.0, moz:processID: 37336, moz:profile: /var/folders/jj/xjybzy2916g..., moz:shutdownTimeout: 60000, moz:webdriverClick: true, moz:windowless: false, pageLoadStrategy: normal, platformName: mac, proxy: Proxy(), se:cdp: ws://127.0.0.1:29075/devtoo..., se:cdpVersion: 85.0, setWindowRect: true, strictFileInteractability: false, timeouts: {implicit: 0, pageLoad: 300000, script: 30000}, unhandledPromptBehavior: dismiss and notify, userAgent: Mozilla/5.0 (Macintosh; Int...}
Session ID: 78deec5f-8178-4098-b34e-da6e807494c4">
      <![CDATA[org.openqa.selenium.NoSuchElementException: Unable to locate element: div.header-links-wrapper a.account
For documentation on this error, please visit: https://selenium.dev/exceptions/#no_such_element
Build info: version: '4.9.1', revision: 'eb2032df7f'
System info: os.name: 'Mac OS X', os.arch: 'aarch64', os.version: '14.4.1', java.version: '17.0.8.1'
Driver info: org.openqa.selenium.firefox.FirefoxDriver
Command: [78deec5f-8178-4098-b34e-da6e807494c4, findElement {using=css selector, value=div.header-links-wrapper a.account}]
Capabilities {acceptInsecureCerts: true, browserName: firefox, browserVersion: 125.0.1, moz:accessibilityChecks: false, moz:buildID: 20240416043247, moz:debuggerAddress: 127.0.0.1:29075, moz:geckodriverVersion: 0.34.0, moz:headless: false, moz:platformVersion: 23.4.0, moz:processID: 37336, moz:profile: /var/folders/jj/xjybzy2916g..., moz:shutdownTimeout: 60000, moz:webdriverClick: true, moz:windowless: false, pageLoadStrategy: normal, platformName: mac, proxy: Proxy(), se:cdp: ws://127.0.0.1:29075/devtoo..., se:cdpVersion: 85.0, setWindowRect: true, strictFileInteractability: false, timeouts: {implicit: 0, pageLoad: 300000, script: 30000}, unhandledPromptBehavior: dismiss and notify, userAgent: Mozilla/5.0 (Macintosh; Int...}
Session ID: 78deec5f-8178-4098-b34e-da6e807494c4
at org.openqa.selenium.remote.codec.w3c.W3CHttpResponseCodec.createException(W3CHttpResponseCodec.java:200)
at org.openqa.selenium.remote.codec.w3c.W3CHttpResponseCodec.decode(W3CHttpResponseCodec.java:133)
at org.openqa.selenium.remote.codec.w3c.W3CHttpResponseCodec.decode(W3CHttpResponseCodec.java:53)
at org.openqa.selenium.remote.HttpCommandExecutor.execute(HttpCommandExecutor.java:193)
at org.openqa.selenium.remote.service.DriverCommandExecutor.invokeExecute(DriverCommandExecutor.java:183)
at org.openqa.selenium.remote.service.DriverCommandExecutor.execute(DriverCommandExecutor.java:158)
at org.openqa.selenium.remote.RemoteWebDriver.execute(RemoteWebDriver.java:543)
at org.openqa.selenium.remote.ElementLocation$ElementFinder$2.findElement(ElementLocation.java:162)
at org.openqa.selenium.remote.ElementLocation.findElement(ElementLocation.java:60)
at org.openqa.selenium.remote.RemoteWebDriver.findElement(RemoteWebDriver.java:352)
at org.openqa.selenium.remote.RemoteWebDriver.findElement(RemoteWebDriver.java:344)
at org.openqa.selenium.support.pagefactory.DefaultElementLocator.findElement(DefaultElementLocator.java:70)
at org.openqa.selenium.support.pagefactory.internal.LocatingElementHandler.invoke(LocatingElementHandler.java:39)
at jdk.proxy2/jdk.proxy2.$Proxy16.getText(Unknown Source)
at PageObjectsModel.PageObjects.RegistrationPage.getEmailAndAddToDataSheet(RegistrationPage.java:93)
at PageObjectsModel.DemoWebShop.AppTestNG.userRegistration(AppTestNG.java:59)
at java.base/java.util.concurrent.ThreadPoolExecutor.runWorker(ThreadPoolExecutor.java:1136)
at java.base/java.util.concurrent.ThreadPoolExecutor$Worker.run(ThreadPoolExecutor.java:635)
at java.base/java.lang.Thread.run(Thread.java:833)
... Removed 17 stack frames]]>
    </failure>
  </testcase> <!-- userRegistration -->
</testsuite> <!-- Test -->
